<?xml version="1.0" encoding="UTF-8"?>
<!-- Generated by org.testng.reporters.JUnitXMLReporter -->
<testsuite ignored="0" hostname="DESKTOP-0EGHQ7Q" failures="0" tests="2" name="Test" time="0.359" errors="0" timestamp="2022-03-02T15:37:21 IST">
  <testcase classname="tests.MyTestNGTest2" name="@BeforeTest setUp" time="0.233">
    <failure type="org.openqa.selenium.WebDriverException" message="Cannot find firefox binary in PATH. Make sure firefox is installed. OS appears to be: WIN10
Build info: version: &amp;apos;3.6.0&amp;apos;, revision: &amp;apos;6fbf3ec767&amp;apos;, time: &amp;apos;2017-09-27T15:28:36.4Z&amp;apos;
System info: host: &amp;apos;DESKTOP-0EGHQ7Q&amp;apos;, ip: &amp;apos;192.168.50.42&amp;apos;, os.name: &amp;apos;Windows 10&amp;apos;, os.arch: &amp;apos;amd64&amp;apos;, os.version: &amp;apos;10.0&amp;apos;, java.version: &amp;apos;16.0.1&amp;apos;
Driver info: driver.version: FirefoxDriver">
      <![CDATA[org.openqa.selenium.WebDriverException: Cannot find firefox binary in PATH. Make sure firefox is installed. OS appears to be: WIN10
Build info: version: '3.6.0', revision: '6fbf3ec767', time: '2017-09-27T15:28:36.4Z'
System info: host: 'DESKTOP-0EGHQ7Q', ip: '192.168.50.42', os.name: 'Windows 10', os.arch: 'amd64', os.version: '10.0', java.version: '16.0.1'
Driver info: driver.version: FirefoxDriver
at org.openqa.selenium.firefox.FirefoxBinary.<init>(FirefoxBinary.java:116)
at org.openqa.selenium.firefox.FirefoxOptions.getBinary(FirefoxOptions.java:217)
at org.openqa.selenium.firefox.FirefoxDriver.toExecutor(FirefoxDriver.java:147)
at org.openqa.selenium.firefox.FirefoxDriver.<init>(FirefoxDriver.java:120)
at org.openqa.selenium.firefox.FirefoxDriver.<init>(FirefoxDriver.java:98)
at tests.MyTestNGTest2.setUp(MyTestNGTest2.java:27)
... Removed 24 stack frames]]>
    </failure>
  </testcase> <!-- @BeforeTest setUp -->
  <testcase classname="tests.MyTestNGTest" name="@BeforeMethod setUp" time="-1.646215641028E9">
    <skipped/>
  </testcase> <!-- @BeforeMethod setUp -->
  <testcase classname="tests.MyTestNGTest" name="@AfterMethod tearDown" time="-1.646215641045E9">
    <skipped/>
  </testcase> <!-- @AfterMethod tearDown -->
  <testcase classname="tests.MyTestNGTest2" name="@AfterTest tearDown" time="-1.646215641047E9">
    <skipped/>
  </testcase> <!-- @AfterTest tearDown -->
  <testcase classname="tests.MyTestNGTest2" name="testMyFirstWebDriver" time="0.0">
    <skipped/>
  </testcase> <!-- testMyFirstWebDriver -->
  <testcase classname="tests.MyTestNGTest" name="testMyFirstWebDriver" time="0.0">
    <skipped/>
  </testcase> <!-- testMyFirstWebDriver -->
</testsuite> <!-- Test -->
